ForImeTest2/app/build/outputs/logs/manifest-merger-debug-report.txt
-- Merging decision tree log ---
manifest
ADDED from src/main/AndroidManifest.xml:2:1-53:12
	xmlns:android
		ADDED from src/main/AndroidManifest.xml:2:11-69
	package
		ADDED from src/main/AndroidManifest.xml:3:5-29
		INJECTED from src/main/AndroidManifest.xml
		INJECTED from src/main/AndroidManifest.xml
	android:versionName
		ADDED from src/main/AndroidManifest.xml:5:5-30
		INJECTED from src/main/AndroidManifest.xml
		INJECTED from src/main/AndroidManifest.xml
	android:versionCode
		ADDED from src/main/AndroidManifest.xml:4:5-28
		INJECTED from src/main/AndroidManifest.xml
		INJECTED from src/main/AndroidManifest.xml
uses-sdk
ADDED from src/main/AndroidManifest.xml:7:5-9:41
	android:targetSdkVersion
		ADDED from src/main/AndroidManifest.xml:9:9-38
		INJECTED from src/main/AndroidManifest.xml
		INJECTED from src/main/AndroidManifest.xml
	android:minSdkVersion
		ADDED from src/main/AndroidManifest.xml:8:9-35
		INJECTED from src/main/AndroidManifest.xml
		INJECTED from src/main/AndroidManifest.xml
uses-permission#android.permission.CALL_PHONE
ADDED from src/main/AndroidManifest.xml:11:5-69
	android:name
		ADDED from src/main/AndroidManifest.xml:11:22-66
uses-permission#android.permission.READ_EXTERNAL_STORAGE
ADDED from src/main/AndroidManifest.xml:12:5-80
	android:name
		ADDED from src/main/AndroidManifest.xml:12:22-77
uses-permission#android.permission.INTERNET
ADDED from src/main/AndroidManifest.xml:13:5-67
	android:name
		ADDED from src/main/AndroidManifest.xml:13:22-64
uses-permission#android.permission.WRITE_EXTERNAL_STORAGE
ADDED from src/main/AndroidManifest.xml:14:5-80
	android:name
		ADDED from src/main/AndroidManifest.xml:14:22-78
uses-permission#android.permission.MOUNT_UNMOUNT_FILESYSTEMS
ADDED from src/main/AndroidManifest.xml:15:5-83
	android:name
		ADDED from src/main/AndroidManifest.xml:15:22-81
uses-permission#android.permission.READ_CONTACTS
ADDED from src/main/AndroidManifest.xml:16:5-71
	android:name
		ADDED from src/main/AndroidManifest.xml:16:22-69
uses-permission#android.permission.WRITE_CONTACTS
ADDED from src/main/AndroidManifest.xml:17:5-72
	android:name
		ADDED from src/main/AndroidManifest.xml:17:22-70
application
ADDED from src/main/AndroidManifest.xml:19:5-51:19
	android:label
		ADDED from src/main/AndroidManifest.xml:22:9-41
	android:allowBackup
		ADDED from src/main/AndroidManifest.xml:20:9-35
	android:icon
		ADDED from src/main/AndroidManifest.xml:21:9-45
	android:theme
		ADDED from src/main/AndroidManifest.xml:23:9-40
activity#com.forimetest.MainActivity
ADDED from src/main/AndroidManifest.xml:24:9-32:20
	android:label
		ADDED from src/main/AndroidManifest.xml:26:13-45
	android:name
		ADDED from src/main/AndroidManifest.xml:25:13-55
intent-filter#android.intent.action.MAIN+android.intent.category.LAUNCHER
ADDED from src/main/AndroidManifest.xml:27:13-31:29
action#android.intent.action.MAIN
ADDED from src/main/AndroidManifest.xml:28:17-69
	android:name
		ADDED from src/main/AndroidManifest.xml:28:25-66
category#android.intent.category.LAUNCHER
ADDED from src/main/AndroidManifest.xml:30:17-77
	android:name
		ADDED from src/main/AndroidManifest.xml:30:27-74
activity#com.forimetest.SecondActivity
ADDED from src/main/AndroidManifest.xml:33:9-39:20
	android:name
		ADDED from src/main/AndroidManifest.xml:34:13-43
intent-filter#android.intent.category.DEFAULT
ADDED from src/main/AndroidManifest.xml:35:13-37:29
category#android.intent.category.DEFAULT
ADDED from src/main/AndroidManifest.xml:36:17-75
	android:name
		ADDED from src/main/AndroidManifest.xml:36:27-73
receiver#com.forimetest.MusicBroadcast
ADDED from src/main/AndroidManifest.xml:40:9-50:20
	android:name
		ADDED from src/main/AndroidManifest.xml:40:19-49
intent-filter#PlayMusic
ADDED from src/main/AndroidManifest.xml:41:13-43:29
action#PlayMusic
ADDED from src/main/AndroidManifest.xml:42:17-52
	android:name
		ADDED from src/main/AndroidManifest.xml:42:25-49
intent-filter#StopMusic
ADDED from src/main/AndroidManifest.xml:44:13-46:29
action#StopMusic
ADDED from src/main/AndroidManifest.xml:45:17-52
	android:name
		ADDED from src/main/AndroidManifest.xml:45:25-49
intent-filter#com.forimetest.MainActivity
ADDED from src/main/AndroidManifest.xml:47:13-49:29
action#com.forimetest.MainActivity
ADDED from src/main/AndroidManifest.xml:48:17-77
	android:name
		ADDED from src/main/AndroidManifest.xml:48:25-67